0 info it worked if it ends with ok
1 verbose cli [ 'node', '/usr/local/bin/npm', 'install', '-g', 'bower' ]
2 info using npm@1.4.23
3 info using node@v0.10.31
4 verbose cache add [ 'bower', null ]
5 verbose cache add name=undefined spec="bower" args=["bower",null]
6 verbose parsed url { protocol: null,
6 verbose parsed url   slashes: null,
6 verbose parsed url   auth: null,
6 verbose parsed url   host: null,
6 verbose parsed url   port: null,
6 verbose parsed url   hostname: null,
6 verbose parsed url   hash: null,
6 verbose parsed url   search: null,
6 verbose parsed url   query: null,
6 verbose parsed url   pathname: 'bower',
6 verbose parsed url   path: 'bower',
6 verbose parsed url   href: 'bower' }
7 silly lockFile 206e3ce5-bower bower
8 verbose lock bower /Users/REAL/.npm/206e3ce5-bower.lock
9 silly lockFile 206e3ce5-bower bower
10 silly lockFile 206e3ce5-bower bower
11 verbose addNamed [ 'bower', '' ]
12 verbose addNamed [ null, '*' ]
13 silly lockFile 1240aab1-bower bower@
14 verbose lock bower@ /Users/REAL/.npm/1240aab1-bower.lock
15 silly addNameRange { name: 'bower', range: '*', hasData: false }
16 verbose request where is /bower
17 verbose request registry https://registry.npmjs.org/
18 verbose request id baba8cf9129d82b8
19 verbose url raw /bower
20 verbose url resolving [ 'https://registry.npmjs.org/', './bower' ]
21 verbose url resolved https://registry.npmjs.org/bower
22 verbose request where is https://registry.npmjs.org/bower
23 info trying registry request attempt 1 at 09:54:35
24 http GET https://registry.npmjs.org/bower
25 info retry will retry, error on last attempt: Error: getaddrinfo ENOTFOUND
26 info trying registry request attempt 2 at 09:54:46
27 http GET https://registry.npmjs.org/bower
28 info retry will retry, error on last attempt: Error: getaddrinfo ENOTFOUND
29 info trying registry request attempt 3 at 09:55:46
30 http GET https://registry.npmjs.org/bower
31 http 200 https://registry.npmjs.org/bower
32 silly registry.get cb [ 200,
32 silly registry.get   { date: 'Sun, 01 Feb 2015 06:25:49 GMT',
32 silly registry.get     server: 'CouchDB/1.5.0 (Erlang OTP/R16B03)',
32 silly registry.get     etag: '"4RNWC51OOMVEKH3L663N286TF"',
32 silly registry.get     'content-type': 'application/json',
32 silly registry.get     'cache-control': 'max-age=60',
32 silly registry.get     'content-length': '106255',
32 silly registry.get     'accept-ranges': 'bytes',
32 silly registry.get     via: '1.1 varnish',
32 silly registry.get     age: '43',
32 silly registry.get     'x-served-by': 'cache-fra1239-FRA',
32 silly registry.get     'x-cache': 'HIT',
32 silly registry.get     'x-cache-hits': '1',
32 silly registry.get     'x-timer': 'S1422771949.304246,VS0,VE0',
32 silly registry.get     vary: 'Accept',
32 silly registry.get     'keep-alive': 'timeout=10, max=50',
32 silly registry.get     connection: 'Keep-Alive' } ]
33 silly addNameRange number 2 { name: 'bower', range: '*', hasData: true }
34 silly addNameRange versions [ 'bower',
34 silly addNameRange   [ '0.1.0',
34 silly addNameRange     '0.1.2',
34 silly addNameRange     '0.1.3',
34 silly addNameRange     '0.2.0',
34 silly addNameRange     '0.3.0',
34 silly addNameRange     '0.3.1',
34 silly addNameRange     '0.3.2',
34 silly addNameRange     '0.4.0',
34 silly addNameRange     '0.5.0',
34 silly addNameRange     '0.5.1',
34 silly addNameRange     '0.6.0',
34 silly addNameRange     '0.6.1',
34 silly addNameRange     '0.6.2',
34 silly addNameRange     '0.6.3',
34 silly addNameRange     '0.6.4',
34 silly addNameRange     '0.6.5',
34 silly addNameRange     '0.6.6',
34 silly addNameRange     '0.6.7',
34 silly addNameRange     '0.6.8',
34 silly addNameRange     '0.7.0',
34 silly addNameRange     '0.7.1',
34 silly addNameRange     '0.8.0',
34 silly addNameRange     '0.8.1',
34 silly addNameRange     '0.8.2',
34 silly addNameRange     '0.8.3',
34 silly addNameRange     '0.8.4',
34 silly addNameRange     '0.8.5',
34 silly addNameRange     '0.8.6',
34 silly addNameRange     '0.9.0',
34 silly addNameRange     '0.9.1',
34 silly addNameRange     '0.9.2',
34 silly addNameRange     '0.10.0',
34 silly addNameRange     '1.0.0',
34 silly addNameRange     '1.0.1',
34 silly addNameRange     '1.0.2',
34 silly addNameRange     '1.0.3',
34 silly addNameRange     '1.1.0',
34 silly addNameRange     '1.1.1',
34 silly addNameRange     '1.1.2',
34 silly addNameRange     '1.2.0',
34 silly addNameRange     '1.2.1',
34 silly addNameRange     '1.2.2',
34 silly addNameRange     '1.2.3',
34 silly addNameRange     '1.2.4',
34 silly addNameRange     '1.2.5',
34 silly addNameRange     '1.2.6',
34 silly addNameRange     '1.2.7',
34 silly addNameRange     '1.2.8',
34 silly addNameRange     '1.3.0',
34 silly addNameRange     '1.3.1',
34 silly addNameRange     '1.3.2',
34 silly addNameRange     '1.3.3',
34 silly addNameRange     '1.3.4',
34 silly addNameRange     '1.3.5',
34 silly addNameRange     '1.3.6',
34 silly addNameRange     '1.3.7',
34 silly addNameRange     '1.3.8',
34 silly addNameRange     '1.3.9',
34 silly addNameRange     '1.3.10',
34 silly addNameRange     '1.3.11',
34 silly addNameRange     '1.3.12' ] ]
35 verbose addNamed [ 'bower', '1.3.12' ]
36 verbose addNamed [ '1.3.12', '1.3.12' ]
37 silly lockFile 9819431c-bower-1-3-12 bower@1.3.12
38 verbose lock bower@1.3.12 /Users/REAL/.npm/9819431c-bower-1-3-12.lock
39 silly lockFile b05fd70b-npmjs-org-bower-bower-1-3-12-tgz https://registry.npmjs.org/bower/-/bower-1.3.12.tgz
40 verbose lock https://registry.npmjs.org/bower/-/bower-1.3.12.tgz /Users/REAL/.npm/b05fd70b-npmjs-org-bower-bower-1-3-12-tgz.lock
41 verbose addRemoteTarball [ 'https://registry.npmjs.org/bower/-/bower-1.3.12.tgz',
41 verbose addRemoteTarball   '37de0edb3904baf90aee13384a1a379a05ee214c' ]
42 info retry fetch attempt 1 at 09:55:51
43 verbose fetch to= /var/folders/z2/z6rjrx7s3psdkkk91fpykzbw0000gn/T/npm-4882-UdORguJr/registry.npmjs.org/bower/-/bower-1.3.12.tgz
44 http GET https://registry.npmjs.org/bower/-/bower-1.3.12.tgz
45 http 200 https://registry.npmjs.org/bower/-/bower-1.3.12.tgz
46 silly lockFile b05fd70b-npmjs-org-bower-bower-1-3-12-tgz https://registry.npmjs.org/bower/-/bower-1.3.12.tgz
47 silly lockFile b05fd70b-npmjs-org-bower-bower-1-3-12-tgz https://registry.npmjs.org/bower/-/bower-1.3.12.tgz
48 silly lockFile 9819431c-bower-1-3-12 bower@1.3.12
49 silly lockFile 9819431c-bower-1-3-12 bower@1.3.12
50 silly lockFile 1240aab1-bower bower@
51 silly lockFile 1240aab1-bower bower@
52 silly resolved [ { name: 'bower',
52 silly resolved     version: '1.3.12',
52 silly resolved     description: 'The browser package manager',
52 silly resolved     author: { name: 'Twitter' },
52 silly resolved     licenses: [ [Object] ],
52 silly resolved     repository: { type: 'git', url: 'https://github.com/bower/bower' },
52 silly resolved     main: 'lib',
52 silly resolved     homepage: 'http://bower.io',
52 silly resolved     engines: { node: '>=0.10.0' },
52 silly resolved     dependencies:
52 silly resolved      { abbrev: '~1.0.4',
52 silly resolved        archy: '0.0.2',
52 silly resolved        'bower-config': '~0.5.2',
52 silly resolved        'bower-endpoint-parser': '~0.2.2',
52 silly resolved        'bower-json': '~0.4.0',
52 silly resolved        'bower-logger': '~0.2.2',
52 silly resolved        'bower-registry-client': '~0.2.0',
52 silly resolved        cardinal: '0.4.0',
52 silly resolved        chalk: '0.5.0',
52 silly resolved        chmodr: '0.1.0',
52 silly resolved        'decompress-zip': '0.0.8',
52 silly resolved        fstream: '~1.0.2',
52 silly resolved        'fstream-ignore': '~1.0.1',
52 silly resolved        glob: '~4.0.2',
52 silly resolved        'graceful-fs': '~3.0.1',
52 silly resolved        handlebars: '~2.0.0',
52 silly resolved        inquirer: '0.7.1',
52 silly resolved        insight: '0.4.3',
52 silly resolved        'is-root': '~1.0.0',
52 silly resolved        junk: '~1.0.0',
52 silly resolved        lockfile: '~1.0.0',
52 silly resolved        'lru-cache': '~2.5.0',
52 silly resolved        mkdirp: '0.5.0',
52 silly resolved        mout: '~0.9.0',
52 silly resolved        nopt: '~3.0.0',
52 silly resolved        opn: '~1.0.0',
52 silly resolved        osenv: '0.1.0',
52 silly resolved        'p-throttler': '0.1.0',
52 silly resolved        promptly: '0.2.0',
52 silly resolved        q: '~1.0.1',
52 silly resolved        request: '~2.42.0',
52 silly resolved        'request-progress': '0.3.0',
52 silly resolved        retry: '0.6.0',
52 silly resolved        rimraf: '~2.2.0',
52 silly resolved        semver: '~2.3.0',
52 silly resolved        'shell-quote': '~1.4.1',
52 silly resolved        'stringify-object': '~1.0.0',
52 silly resolved        'tar-fs': '0.5.2',
52 silly resolved        tmp: '0.0.23',
52 silly resolved        'update-notifier': '0.2.0',
52 silly resolved        which: '~1.0.5' },
52 silly resolved     devDependencies:
52 silly resolved      { coveralls: '~2.11.0',
52 silly resolved        'expect.js': '~0.3.1',
52 silly resolved        grunt: '~0.4.4',
52 silly resolved        'grunt-cli': '^0.1.13',
52 silly resolved        'grunt-contrib-jshint': '~0.10.0',
52 silly resolved        'grunt-contrib-watch': '~0.6.1',
52 silly resolved        'grunt-exec': '~0.4.2',
52 silly resolved        'grunt-simple-mocha': '~0.4.0',
52 silly resolved        istanbul: '~0.3.2',
52 silly resolved        'load-grunt-tasks': '~0.6.0',
52 silly resolved        mocha: '~1.21.4',
52 silly resolved        nock: '~0.46.0',
52 silly resolved        'node-uuid': '~1.4.1',
52 silly resolved        proxyquire: '~1.0.1' },
52 silly resolved     scripts: { test: 'grunt test' },
52 silly resolved     bin: { bower: 'bin/bower' },
52 silly resolved     preferGlobal: true,
52 silly resolved     gitHead: 'b26c072f0db054a1902ec4d2e3726dbf8a1c799a',
52 silly resolved     bugs: { url: 'https://github.com/bower/bower/issues' },
52 silly resolved     _id: 'bower@1.3.12',
52 silly resolved     _shasum: '37de0edb3904baf90aee13384a1a379a05ee214c',
52 silly resolved     _from: 'bower@',
52 silly resolved     _npmVersion: '2.0.0',
52 silly resolved     _npmUser: { name: 'sheerun', email: 'sheerun@sher.pl' },
52 silly resolved     maintainers: [ [Object], [Object], [Object], [Object], [Object], [Object] ],
52 silly resolved     dist:
52 silly resolved      { shasum: '37de0edb3904baf90aee13384a1a379a05ee214c',
52 silly resolved        tarball: 'http://registry.npmjs.org/bower/-/bower-1.3.12.tgz' },
52 silly resolved     directories: {},
52 silly resolved     _resolved: 'https://registry.npmjs.org/bower/-/bower-1.3.12.tgz' } ]
53 info install bower@1.3.12 into /usr/local/lib
54 info installOne bower@1.3.12
55 verbose lib/node_modules/bower unbuild
56 verbose tar unpack /Users/REAL/.npm/bower/1.3.12/package.tgz
57 silly lockFile 1396471b-usr-local-lib-node-modules-bower tar:///usr/local/lib/node_modules/bower
58 verbose lock tar:///usr/local/lib/node_modules/bower /Users/REAL/.npm/1396471b-usr-local-lib-node-modules-bower.lock
59 silly lockFile e13dd8c6-EAL-npm-bower-1-3-12-package-tgz tar:///Users/REAL/.npm/bower/1.3.12/package.tgz
60 verbose lock tar:///Users/REAL/.npm/bower/1.3.12/package.tgz /Users/REAL/.npm/e13dd8c6-EAL-npm-bower-1-3-12-package-tgz.lock
61 silly gunzTarPerm modes [ '755', '644' ]
62 error Error: EACCES, mkdir '/usr/local/lib/node_modules/bower'
62 error  { [Error: EACCES, mkdir '/usr/local/lib/node_modules/bower']
62 error   errno: 3,
62 error   code: 'EACCES',
62 error   path: '/usr/local/lib/node_modules/bower',
62 error   fstream_type: 'Directory',
62 error   fstream_path: '/usr/local/lib/node_modules/bower',
62 error   fstream_class: 'DirWriter',
62 error   fstream_stack:
62 error    [ '/usr/local/lib/node_modules/npm/node_modules/fstream/lib/dir-writer.js:36:23',
62 error      '/usr/local/lib/node_modules/npm/node_modules/mkdirp/index.js:46:53',
62 error      'Object.oncomplete (fs.js:107:15)' ] }
63 error Please try running this command again as root/Administrator.
64 error System Darwin 13.1.0
65 error command "node" "/usr/local/bin/npm" "install" "-g" "bower"
66 error cwd /Users/REAL/Documents/a:simorgh
67 error node -v v0.10.31
68 error npm -v 1.4.23
69 error path /usr/local/lib/node_modules/bower
70 error fstream_path /usr/local/lib/node_modules/bower
71 error fstream_type Directory
72 error fstream_class DirWriter
73 error code EACCES
74 error errno 3
75 error stack Error: EACCES, mkdir '/usr/local/lib/node_modules/bower'
76 error fstream_stack /usr/local/lib/node_modules/npm/node_modules/fstream/lib/dir-writer.js:36:23
76 error fstream_stack /usr/local/lib/node_modules/npm/node_modules/mkdirp/index.js:46:53
76 error fstream_stack Object.oncomplete (fs.js:107:15)
77 verbose exit [ 3, true ]
